<?xml version="1.0" encoding="UTF-8"?>
<!-- Generated by org.testng.reporters.JUnitXMLReporter -->
<testsuite hostname="Admin" name="Test" tests="4" failures="0" timestamp="29 Sep 2019 04:45:28 GMT" time="105.461" errors="0">
  <testcase name="@BeforeMethod openApp" time="0.0" classname="com.demokart.tests.LoginPageTest">
    <failure type="org.openqa.selenium.SessionNotCreatedException" message="session not created: This version of ChromeDriver only supports Chrome version 75
Build info: version: &amp;apos;3.14.0&amp;apos;, revision: &amp;apos;aacccce0&amp;apos;, time: &amp;apos;2018-08-02T20:19:58.91Z&amp;apos;
System info: host: &amp;apos;ADMIN&amp;apos;, ip: &amp;apos;192.168.0.115&amp;apos;, os.name: &amp;apos;Windows 8&amp;apos;, os.arch: &amp;apos;x86&amp;apos;, os.version: &amp;apos;6.2&amp;apos;, java.version: &amp;apos;1.8.0_211&amp;apos;
Driver info: driver.version: ChromeDriver
remote stacktrace: Backtrace:
	Ordinal0 [0x001A1B23+1448739]
	Ordinal0 [0x00125A11+940561]
	Ordinal0 [0x000B2293+467603]
	Ordinal0 [0x0004F27E+62078]
	Ordinal0 [0x0004BBBD+48061]
	Ordinal0 [0x00068D19+167193]
	Ordinal0 [0x000688ED+166125]
	Ordinal0 [0x00066FFB+159739]
	Ordinal0 [0x000509F6+68086]
	Ordinal0 [0x00051990+72080]
	Ordinal0 [0x00051929+71977]
	GetHandleVerifier [0x002E2E4C+1172140]
	GetHandleVerifier [0x0023FE35+504469]
	GetHandleVerifier [0x0023FBD0+503856]
	Ordinal0 [0x001AC9A8+1493416]
	GetHandleVerifier [0x0024060A+506474]
	Ordinal0 [0x00137136+1012022]
	Ordinal0 [0x00136FAF+1011631]
	Ordinal0 [0x0014133B+1053499]
	Ordinal0 [0x001414A3+1053859]
	Ordinal0 [0x001404D5+1049813]
	BaseThreadInitThunk [0x7720173E+18]
	LdrInitializeThunk [0x77A6AEA1+652]
	LdrInitializeThunk [0x77A6AE4D+568]
	(No symbol) [0x00000000]
">
      <![CDATA[org.openqa.selenium.SessionNotCreatedException: session not created: This version of ChromeDriver only supports Chrome version 75
Build info: version: '3.14.0', revision: 'aacccce0', time: '2018-08-02T20:19:58.91Z'
System info: host: 'ADMIN', ip: '192.168.0.115', os.name: 'Windows 8', os.arch: 'x86', os.version: '6.2', java.version: '1.8.0_211'
Driver info: driver.version: ChromeDriver
remote stacktrace: Backtrace:
	Ordinal0 [0x001A1B23+1448739]
	Ordinal0 [0x00125A11+940561]
	Ordinal0 [0x000B2293+467603]
	Ordinal0 [0x0004F27E+62078]
	Ordinal0 [0x0004BBBD+48061]
	Ordinal0 [0x00068D19+167193]
	Ordinal0 [0x000688ED+166125]
	Ordinal0 [0x00066FFB+159739]
	Ordinal0 [0x000509F6+68086]
	Ordinal0 [0x00051990+72080]
	Ordinal0 [0x00051929+71977]
	GetHandleVerifier [0x002E2E4C+1172140]
	GetHandleVerifier [0x0023FE35+504469]
	GetHandleVerifier [0x0023FBD0+503856]
	Ordinal0 [0x001AC9A8+1493416]
	GetHandleVerifier [0x0024060A+506474]
	Ordinal0 [0x00137136+1012022]
	Ordinal0 [0x00136FAF+1011631]
	Ordinal0 [0x0014133B+1053499]
	Ordinal0 [0x001414A3+1053859]
	Ordinal0 [0x001404D5+1049813]
	BaseThreadInitThunk [0x7720173E+18]
	LdrInitializeThunk [0x77A6AEA1+652]
	LdrInitializeThunk [0x77A6AE4D+568]
	(No symbol) [0x00000000]

	at org.openqa.selenium.remote.W3CHandshakeResponse.lambda$new$0(W3CHandshakeResponse.java:57)
	at org.openqa.selenium.remote.W3CHandshakeResponse.lambda$getResponseFunction$2(W3CHandshakeResponse.java:104)
	at org.openqa.selenium.remote.ProtocolHandshake.lambda$createSession$0(ProtocolHandshake.java:122)
	at java.util.stream.ReferencePipeline$3$1.accept(Unknown Source)
	at java.util.Spliterators$ArraySpliterator.tryAdvance(Unknown Source)
	at java.util.stream.ReferencePipeline.forEachWithCancel(Unknown Source)
	at java.util.stream.AbstractPipeline.copyIntoWithCancel(Unknown Source)
	at java.util.stream.AbstractPipeline.copyInto(Unknown Source)
	at java.util.stream.AbstractPipeline.wrapAndCopyInto(Unknown Source)
	at java.util.stream.FindOps$FindOp.evaluateSequential(Unknown Source)
	at java.util.stream.AbstractPipeline.evaluate(Unknown Source)
	at java.util.stream.ReferencePipeline.findFirst(Unknown Source)
	at org.openqa.selenium.remote.ProtocolHandshake.createSession(ProtocolHandshake.java:125)
	at org.openqa.selenium.remote.ProtocolHandshake.createSession(ProtocolHandshake.java:73)
	at org.openqa.selenium.remote.HttpCommandExecutor.execute(HttpCommandExecutor.java:136)
	at org.openqa.selenium.remote.service.DriverCommandExecutor.execute(DriverCommandExecutor.java:83)
	at org.openqa.selenium.remote.RemoteWebDriver.execute(RemoteWebDriver.java:548)
	at org.openqa.selenium.remote.RemoteWebDriver.startSession(RemoteWebDriver.java:212)
	at org.openqa.selenium.remote.RemoteWebDriver.<init>(RemoteWebDriver.java:130)
	at org.openqa.selenium.chrome.ChromeDriver.<init>(ChromeDriver.java:181)
	at org.openqa.selenium.chrome.ChromeDriver.<init>(ChromeDriver.java:168)
	at org.openqa.selenium.chrome.ChromeDriver.<init>(ChromeDriver.java:123)
	at com.demokart.utils.BaseClass.initialize(BaseClass.java:27)
	at com.demokart.tests.LoginPageTest.openApp(LoginPageTest.java:17)
... Removed 30 stack frames]]>
    </failure>
  </testcase> <!-- @BeforeMethod openApp -->
  <testcase name="@AfterMethod tearDown" time="0.0" classname="com.demokart.tests.LoginPageTest">
    <skipped/>
  </testcase> <!-- @AfterMethod tearDown -->
  <testcase name="@BeforeMethod openApp" time="0.0" classname="com.demokart.tests.LoginPageTest">
    <skipped/>
  </testcase> <!-- @BeforeMethod openApp -->
  <testcase name="@AfterMethod tearDown" time="0.0" classname="com.demokart.tests.LoginPageTest">
    <skipped/>
  </testcase> <!-- @AfterMethod tearDown -->
  <testcase name="verifyLandPageTitle" time="0.004" classname="com.demokart.tests.LoginPageTest">
    <skipped/>
  </testcase> <!-- verifyLandPageTitle -->
  <testcase name="verifyLogin" time="0.003" classname="com.demokart.tests.LoginPageTest">
    <skipped/>
  </testcase> <!-- verifyLogin -->
  <testcase name="addProductToKartAndVerify" time="29.588" classname="com.demokart.tests.HomePageTest"/>
  <testcase name="verifyTotalPriceOfkartProducts" time="35.37" classname="com.demokart.tests.CartPageTest"/>
</testsuite> <!-- Test -->
